<?xml version="1.0" encoding="UTF-8"?>
<robot generator="Robot 5.0 (Python 3.8.5 on win32)" generated="20220407 09:36:49.589" rpa="false" schemaversion="3">
<suite id="s1" name="Login" source="C:\Users\LIKHITHA\PycharmProjects\Robot framework\Tests\Facebook\FunctionalTestSuite\Login.robot">
<test id="s1-t1" name="Login Screen Test" line="6">
<kw name="Log" library="BuiltIn">
<arg>Hello</arg>
<doc>Logs the given message with the given level.</doc>
<msg timestamp="20220407 09:36:50.298" level="INFO">Hello</msg>
<status status="PASS" starttime="20220407 09:36:50.297" endtime="20220407 09:36:50.298"/>
</kw>
<doc>this is a login screen for users</doc>
<tag>users</tag>
<status status="PASS" starttime="20220407 09:36:50.296" endtime="20220407 09:36:50.299"/>
</test>
<test id="s1-t2" name="Registration Screen Test" line="11">
<kw name="Log" library="BuiltIn">
<arg>Sucess</arg>
<doc>Logs the given message with the given level.</doc>
<msg timestamp="20220407 09:36:50.303" level="INFO">Sucess</msg>
<status status="PASS" starttime="20220407 09:36:50.303" endtime="20220407 09:36:50.303"/>
</kw>
<doc>This is the registration screen for users</doc>
<tag>users</tag>
<status status="PASS" starttime="20220407 09:36:50.301" endtime="20220407 09:36:50.304"/>
</test>
<test id="s1-t3" name="Admin Login Test" line="16">
<kw name="Log" library="BuiltIn">
<arg>Admin</arg>
<doc>Logs the given message with the given level.</doc>
<msg timestamp="20220407 09:36:50.308" level="INFO">Admin</msg>
<status status="PASS" starttime="20220407 09:36:50.308" endtime="20220407 09:36:50.308"/>
</kw>
<doc>this page is for admins</doc>
<tag>Admin</tag>
<status status="PASS" starttime="20220407 09:36:50.307" endtime="20220407 09:36:50.309"/>
</test>
<status status="PASS" starttime="20220407 09:36:49.597" endtime="20220407 09:36:50.313"/>
</suite>
<statistics>
<total>
<stat pass="3" fail="0" skip="0">All Tests</stat>
</total>
<tag>
<stat pass="1" fail="0" skip="0">Admin</stat>
<stat pass="2" fail="0" skip="0">users</stat>
</tag>
<suite>
<stat pass="3" fail="0" skip="0" id="s1" name="Login">Login</stat>
</suite>
</statistics>
<errors>
</errors>
</robot>
